#
# There is insufficient memory for the Java Runtime Environment to continue.
# Native memory allocation (malloc) failed to allocate 1625456 bytes for Chunk::new
# Possible reasons:
#   The system is out of physical RAM or swap space
#   In 32 bit mode, the process size limit was hit
# Possible solutions:
#   Reduce memory load on the system
#   Increase physical memory or swap space
#   Check if swap backing store is full
#   Use 64 bit Java on a 64 bit OS
#   Decrease Java heap size (-Xmx/-Xms)
#   Decrease number of Java threads
#   Decrease Java thread stack sizes (-Xss)
#   Set larger code cache with -XX:ReservedCodeCacheSize=
# This output file may be truncated or incomplete.
#
#  Out of Memory Error (allocation.cpp:390), pid=1064, tid=3884
#
# JRE version: Java(TM) SE Runtime Environment (8.0_20-b26) (build 1.8.0_20-b26)
# Java VM: Java HotSpot(TM) 64-Bit Server VM (25.20-b23 mixed mode windows-amd64 compressed oops)
# Failed to write core dump. Minidumps are not enabled by default on client versions of Windows
#

---------------  T H R E A D  ---------------

Current thread (0x0000000015007000):  JavaThread "C2 CompilerThread1" daemon [_thread_in_native, id=3884, stack(0x0000000016650000,0x0000000016750000)]

Stack: [0x0000000016650000,0x0000000016750000]
Native frames: (J=compiled Java code, j=interpreted, Vv=VM code, C=native code)
V  [jvm.dll+0x3152fa]
V  [jvm.dll+0x265d03]
V  [jvm.dll+0x266943]
V  [jvm.dll+0x25e265]
V  [jvm.dll+0xbe255]
V  [jvm.dll+0xbe6fc]
V  [jvm.dll+0x45c472]
V  [jvm.dll+0x49d76f]
V  [jvm.dll+0x451438]
V  [jvm.dll+0x452634]
V  [jvm.dll+0x435fc2]
V  [jvm.dll+0x97b62]
V  [jvm.dll+0x98353]
V  [jvm.dll+0x22aac4]
V  [jvm.dll+0x283f5a]
C  [msvcr100.dll+0x21d9f]
C  [msvcr100.dll+0x21e3b]
C  [KERNEL32.DLL+0x13d2]
C  [ntdll.dll+0x15444]


Current CompileTask:
C2:  25728 5308       4       com.sun.tools.javac.comp.Attr$ResultInfo::check (21 bytes)


---------------  P R O C E S S  ---------------

Java Threads: ( => current thread )
  0x0000000018041000 JavaThread "File lock request listener" [_thread_in_native, id=5592, stack(0x000000001b990000,0x000000001ba90000)]
  0x0000000017bb6800 JavaThread "Stdin handler" [_thread_blocked, id=11076, stack(0x00000000190f0000,0x00000000191f0000)]
  0x0000000017b8f000 JavaThread "Daemon worker" [_thread_in_vm, id=7132, stack(0x0000000018ff0000,0x00000000190f0000)]
  0x0000000017bc3800 JavaThread "Cancel handler" [_thread_blocked, id=9296, stack(0x0000000018ef0000,0x0000000018ff0000)]
  0x0000000017992800 JavaThread "Handler for socket connection from /127.0.0.1:20971 to /127.0.0.1:20972" [_thread_in_native, id=10776, stack(0x0000000018df0000,0x0000000018ef0000)]
  0x000000001798f800 JavaThread "Daemon" [_thread_blocked, id=5616, stack(0x0000000018cf0000,0x0000000018df0000)]
  0x000000001794f800 JavaThread "Incoming local TCP Connector on port 20971" [_thread_in_native, id=8208, stack(0x00000000189f0000,0x0000000018af0000)]
  0x0000000016882800 JavaThread "Service Thread" daemon [_thread_blocked, id=7420, stack(0x0000000016c50000,0x0000000016d50000)]
  0x000000001500a000 JavaThread "C1 CompilerThread2" daemon [_thread_in_vm, id=5552, stack(0x0000000016750000,0x0000000016850000)]
=>0x0000000015007000 JavaThread "C2 CompilerThread1" daemon [_thread_in_native, id=3884, stack(0x0000000016650000,0x0000000016750000)]
  0x0000000015000800 JavaThread "C2 CompilerThread0" daemon [_thread_in_native, id=8376, stack(0x0000000016550000,0x0000000016650000)]
  0x0000000014fff800 JavaThread "Attach Listener" daemon [_thread_blocked, id=9768, stack(0x0000000016450000,0x0000000016550000)]
  0x0000000014fff000 JavaThread "Signal Dispatcher" daemon [_thread_blocked, id=8260, stack(0x0000000016350000,0x0000000016450000)]
  0x0000000002927800 JavaThread "Finalizer" daemon [_thread_blocked, id=4672, stack(0x0000000016250000,0x0000000016350000)]
  0x0000000014fc8000 JavaThread "Reference Handler" daemon [_thread_blocked, id=8292, stack(0x0000000016150000,0x0000000016250000)]
  0x0000000000ece000 JavaThread "main" [_thread_blocked, id=7016, stack(0x00000000026d0000,0x00000000027d0000)]

Other Threads:
  0x0000000014fc7000 VMThread [stack: 0x0000000016050000,0x0000000016150000] [id=7372]
  0x0000000016886000 WatcherThread [stack: 0x0000000016d50000,0x0000000016e50000] [id=6892]

VM state:not at safepoint (normal execution)

VM Mutex/Monitor currently owned by a thread: None

Heap:
 PSYoungGen      total 154624K, used 17574K [0x00000000eab00000, 0x00000000f8580000, 0x0000000100000000)
  eden space 139776K, 1% used [0x00000000eab00000,0x00000000eadb0bf0,0x00000000f3380000)
  from space 14848K, 99% used [0x00000000f3380000,0x00000000f41f8cd8,0x00000000f4200000)
  to   space 19456K, 0% used [0x00000000f7280000,0x00000000f7280000,0x00000000f8580000)
 ParOldGen       total 69120K, used 39483K [0x00000000c0000000, 0x00000000c4380000, 0x00000000eab00000)
  object space 69120K, 57% used [0x00000000c0000000,0x00000000c268ef98,0x00000000c4380000)
 Metaspace       used 43062K, capacity 44845K, committed 45184K, reserved 1087488K
  class space    used 5959K, capacity 6658K, committed 6784K, reserved 1048576K

Card table byte_map: [0x0000000011cf0000,0x0000000011f00000] byte_map_base: 0x00000000116f0000

Marking Bits: (ParMarkBitMap*) 0x0000000062e2b460
 Begin Bits: [0x0000000012460000, 0x0000000013460000)
 End Bits:   [0x0000000013460000, 0x0000000014460000)

Polling page: 0x0000000000ea0000

CodeCache: size=245760Kb used=17413Kb max_used=17413Kb free=228346Kb
 bounds [0x0000000002930000, 0x0000000003a40000, 0x0000000011930000]
 total_blobs=5661 nmethods=4982 adapters=590
 compilation: disabled (not enough contiguous free space left)

Compilation events (10 events):
Event: 25.613 Thread 0x000000001500a000 5381       3       com.sun.tools.javac.jvm.Code$LocalVar::hasOpenRange (32 bytes)
Event: 25.613 Thread 0x000000001500a000 nmethod 5381 0x0000000003a3d1d0 code [0x0000000003a3d360, 0x0000000003a3d658]
Event: 25.613 Thread 0x000000001500a000 5387       3       com.sun.tools.javac.jvm.Pool$Variable::hashCode (38 bytes)
Event: 25.614 Thread 0x000000001500a000 nmethod 5387 0x0000000003a3d750 code [0x0000000003a3d920, 0x0000000003a3e168]
Event: 25.614 Thread 0x000000001500a000 5385       3       com.sun.tools.javac.jvm.Code$Chain::<init> (20 bytes)
Event: 25.614 Thread 0x000000001500a000 nmethod 5385 0x0000000003a3e4d0 code [0x0000000003a3e620, 0x0000000003a3e7f0]
Event: 25.614 Thread 0x000000001500a000 5386       3       com.sun.tools.javac.util.ListBuffer::iterator (9 bytes)
Event: 25.614 Thread 0x000000001500a000 nmethod 5386 0x0000000003a3e8d0 code [0x0000000003a3ea40, 0x0000000003a3ecf0]
Event: 25.675 Thread 0x000000001500a000 5388       3       com.sun.tools.javac.jvm.ClassWriter::nameType (43 bytes)
Event: 25.676 Thread 0x000000001500a000 nmethod 5388 0x0000000003a3ee10 code [0x0000000003a3efc0, 0x0000000003a3f608]

GC Heap History (10 events):
Event: 11.363 GC heap before
{Heap before GC invocations=11 (full 1):
 PSYoungGen      total 72704K, used 71998K [0x00000000eab00000, 0x00000000f1b00000, 0x0000000100000000)
  eden space 65536K, 100% used [0x00000000eab00000,0x00000000eeb00000,0x00000000eeb00000)
  from space 7168K, 90% used [0x00000000eeb00000,0x00000000ef14fb88,0x00000000ef200000)
  to   space 7680K, 0% used [0x00000000f1380000,0x00000000f1380000,0x00000000f1b00000)
 ParOldGen       total 30720K, used 8896K [0x00000000c0000000, 0x00000000c1e00000, 0x00000000eab00000)
  object space 30720K, 28% used [0x00000000c0000000,0x00000000c08b0140,0x00000000c1e00000)
 Metaspace       used 29150K, capacity 29904K, committed 30080K, reserved 1075200K
  class space    used 3921K, capacity 4218K, committed 4224K, reserved 1048576K
Event: 11.401 GC heap after
Heap after GC invocations=11 (full 1):
 PSYoungGen      total 103936K, used 7649K [0x00000000eab00000, 0x00000000f1f80000, 0x0000000100000000)
  eden space 96256K, 0% used [0x00000000eab00000,0x00000000eab00000,0x00000000f0900000)
  from space 7680K, 99% used [0x00000000f1380000,0x00000000f1af84f0,0x00000000f1b00000)
  to   space 10752K, 0% used [0x00000000f0900000,0x00000000f0900000,0x00000000f1380000)
 ParOldGen       total 30720K, used 14372K [0x00000000c0000000, 0x00000000c1e00000, 0x00000000eab00000)
  object space 30720K, 46% used [0x00000000c0000000,0x00000000c0e09298,0x00000000c1e00000)
 Metaspace       used 29150K, capacity 29904K, committed 30080K, reserved 1075200K
  class space    used 3921K, capacity 4218K, committed 4224K, reserved 1048576K
}
Event: 14.341 GC heap before
{Heap before GC invocations=12 (full 1):
 PSYoungGen      total 103936K, used 103905K [0x00000000eab00000, 0x00000000f1f80000, 0x0000000100000000)
  eden space 96256K, 100% used [0x00000000eab00000,0x00000000f0900000,0x00000000f0900000)
  from space 7680K, 99% used [0x00000000f1380000,0x00000000f1af84f0,0x00000000f1b00000)
  to   space 10752K, 0% used [0x00000000f0900000,0x00000000f0900000,0x00000000f1380000)
 ParOldGen       total 30720K, used 14372K [0x00000000c0000000, 0x00000000c1e00000, 0x00000000eab00000)
  object space 30720K, 46% used [0x00000000c0000000,0x00000000c0e09298,0x00000000c1e00000)
 Metaspace       used 32178K, capacity 33526K, committed 33664K, reserved 1077248K
  class space    used 4466K, capacity 4943K, committed 4992K, reserved 1048576K
Event: 14.408 GC heap after
Heap after GC invocations=12 (full 1):
 PSYoungGen      total 107008K, used 10743K [0x00000000eab00000, 0x00000000f5380000, 0x0000000100000000)
  eden space 96256K, 0% used [0x00000000eab00000,0x00000000eab00000,0x00000000f0900000)
  from space 10752K, 99% used [0x00000000f0900000,0x00000000f137de30,0x00000000f1380000)
  to   space 15360K, 0% used [0x00000000f4480000,0x00000000f4480000,0x00000000f5380000)
 ParOldGen       total 30720K, used 22790K [0x00000000c0000000, 0x00000000c1e00000, 0x00000000eab00000)
  object space 30720K, 74% used [0x00000000c0000000,0x00000000c16419f8,0x00000000c1e00000)
 Metaspace       used 32178K, capacity 33526K, committed 33664K, reserved 1077248K
  class space    used 4466K, capacity 4943K, committed 4992K, reserved 1048576K
}
Event: 16.285 GC heap before
{Heap before GC invocations=13 (full 1):
 PSYoungGen      total 107008K, used 46160K [0x00000000eab00000, 0x00000000f5380000, 0x0000000100000000)
  eden space 96256K, 36% used [0x00000000eab00000,0x00000000ecd96568,0x00000000f0900000)
  from space 10752K, 99% used [0x00000000f0900000,0x00000000f137de30,0x00000000f1380000)
  to   space 15360K, 0% used [0x00000000f4480000,0x00000000f4480000,0x00000000f5380000)
 ParOldGen       total 30720K, used 22790K [0x00000000c0000000, 0x00000000c1e00000, 0x00000000eab00000)
  object space 30720K, 74% used [0x00000000c0000000,0x00000000c16419f8,0x00000000c1e00000)
 Metaspace       used 34096K, capacity 35422K, committed 35456K, reserved 1079296K
  class space    used 4759K, capacity 5231K, committed 5248K, reserved 1048576K
Event: 16.336 GC heap after
Heap after GC invocations=13 (full 1):
 PSYoungGen      total 152064K, used 3844K [0x00000000eab00000, 0x00000000f5080000, 0x0000000100000000)
  eden space 139776K, 0% used [0x00000000eab00000,0x00000000eab00000,0x00000000f3380000)
  from space 12288K, 31% used [0x00000000f4480000,0x00000000f4841258,0x00000000f5080000)
  to   space 14848K, 0% used [0x00000000f3380000,0x00000000f3380000,0x00000000f4200000)
 ParOldGen       total 33792K, used 32981K [0x00000000c0000000, 0x00000000c2100000, 0x00000000eab00000)
  object space 33792K, 97% used [0x00000000c0000000,0x00000000c2035748,0x00000000c2100000)
 Metaspace       used 34096K, capacity 35422K, committed 35456K, reserved 1079296K
  class space    used 4759K, capacity 5231K, committed 5248K, reserved 1048576K
}
Event: 16.336 GC heap before
{Heap before GC invocations=14 (full 2):
 PSYoungGen      total 152064K, used 3844K [0x00000000eab00000, 0x00000000f5080000, 0x0000000100000000)
  eden space 139776K, 0% used [0x00000000eab00000,0x00000000eab00000,0x00000000f3380000)
  from space 12288K, 31% used [0x00000000f4480000,0x00000000f4841258,0x00000000f5080000)
  to   space 14848K, 0% used [0x00000000f3380000,0x00000000f3380000,0x00000000f4200000)
 ParOldGen       total 33792K, used 32981K [0x00000000c0000000, 0x00000000c2100000, 0x00000000eab00000)
  object space 33792K, 97% used [0x00000000c0000000,0x00000000c2035748,0x00000000c2100000)
 Metaspace       used 34096K, capacity 35422K, committed 35456K, reserved 1079296K
  class space    used 4759K, capacity 5231K, committed 5248K, reserved 1048576K
Event: 17.033 GC heap after
Heap after GC invocations=14 (full 2):
 PSYoungGen      total 152064K, used 0K [0x00000000eab00000, 0x00000000f5080000, 0x0000000100000000)
  eden space 139776K, 0% used [0x00000000eab00000,0x00000000eab00000,0x00000000f3380000)
  from space 12288K, 0% used [0x00000000f4480000,0x00000000f4480000,0x00000000f5080000)
  to   space 14848K, 0% used [0x00000000f3380000,0x00000000f3380000,0x00000000f4200000)
 ParOldGen       total 69120K, used 33332K [0x00000000c0000000, 0x00000000c4380000, 0x00000000eab00000)
  object space 69120K, 48% used [0x00000000c0000000,0x00000000c208d0e8,0x00000000c4380000)
 Metaspace       used 34096K, capacity 35422K, committed 35456K, reserved 1079296K
  class space    used 4759K, capacity 5231K, committed 5248K, reserved 1048576K
}
Event: 25.041 GC heap before
{Heap before GC invocations=15 (full 2):
 PSYoungGen      total 152064K, used 139776K [0x00000000eab00000, 0x00000000f5080000, 0x0000000100000000)
  eden space 139776K, 100% used [0x00000000eab00000,0x00000000f3380000,0x00000000f3380000)
  from space 12288K, 0% used [0x00000000f4480000,0x00000000f4480000,0x00000000f5080000)
  to   space 14848K, 0% used [0x00000000f3380000,0x00000000f3380000,0x00000000f4200000)
 ParOldGen       total 69120K, used 33332K [0x00000000c0000000, 0x00000000c4380000, 0x00000000eab00000)
  object space 69120K, 48% used [0x00000000c0000000,0x00000000c208d0e8,0x00000000c4380000)
 Metaspace       used 43004K, capacity 44845K, committed 45184K, reserved 1087488K
  class space    used 5956K, capacity 6658K, committed 6784K, reserved 1048576K
Event: 25.120 GC heap after
Heap after GC invocations=15 (full 2):
 PSYoungGen      total 154624K, used 14819K [0x00000000eab00000, 0x00000000f8580000, 0x0000000100000000)
  eden space 139776K, 0% used [0x00000000eab00000,0x00000000eab00000,0x00000000f3380000)
  from space 14848K, 99% used [0x00000000f3380000,0x00000000f41f8cd8,0x00000000f4200000)
  to   space 19456K, 0% used [0x00000000f7280000,0x00000000f7280000,0x00000000f8580000)
 ParOldGen       total 69120K, used 39483K [0x00000000c0000000, 0x00000000c4380000, 0x00000000eab00000)
  object space 69120K, 57% used [0x00000000c0000000,0x00000000c268ef98,0x00000000c4380000)
 Metaspace       used 43004K, capacity 44845K, committed 45184K, reserved 1087488K
  class space    used 5956K, capacity 6658K, committed 6784K, reserved 1048576K
}

Deoptimization events (10 events):
Event: 24.520 Thread 0x0000000017b8f000 Uncommon trap: reason=bimorphic action=maybe_recompile pc=0x0000000003898820 method=com.sun.tools.javac.code.Types$18.visitClassType(Lcom/sun/tools/javac/code/Type$ClassType;Ljava/lang/Void;)Lcom/sun/tools/javac/code/Type; @ 19
Event: 24.527 Thread 0x0000000017b8f000 Uncommon trap: reason=bimorphic action=maybe_recompile pc=0x0000000003911670 method=com.sun.tools.javac.code.Types.capture(Lcom/sun/tools/javac/code/Type;)Lcom/sun/tools/javac/code/Type; @ 13
Event: 24.527 Thread 0x0000000017b8f000 Uncommon trap: reason=bimorphic action=maybe_recompile pc=0x00000000039351e8 method=com.sun.tools.javac.code.Type$ClassType.isParameterized()Z @ 1
Event: 24.528 Thread 0x0000000017b8f000 Uncommon trap: reason=bimorphic action=maybe_recompile pc=0x00000000039351e8 method=com.sun.tools.javac.code.Type$ClassType.isParameterized()Z @ 1
Event: 24.528 Thread 0x0000000017b8f000 Uncommon trap: reason=bimorphic action=maybe_recompile pc=0x00000000039351e8 method=com.sun.tools.javac.code.Type$ClassType.isParameterized()Z @ 1
Event: 24.528 Thread 0x0000000017b8f000 Uncommon trap: reason=bimorphic action=maybe_recompile pc=0x00000000039351e8 method=com.sun.tools.javac.code.Type$ClassType.isParameterized()Z @ 1
Event: 24.996 Thread 0x0000000017b8f000 Uncommon trap: reason=unreached action=reinterpret pc=0x00000000039115b8 method=com.sun.tools.javac.code.Types.capture(Lcom/sun/tools/javac/code/Type;)Lcom/sun/tools/javac/code/Type; @ 19
Event: 24.997 Thread 0x0000000017b8f000 Uncommon trap: reason=class_check action=maybe_recompile pc=0x000000000390d28c method=com.sun.tools.javac.code.Type$ClassType.allparams()Lcom/sun/tools/javac/util/List; @ 16
Event: 25.004 Thread 0x0000000017b8f000 Uncommon trap: reason=class_check action=maybe_recompile pc=0x000000000390d28c method=com.sun.tools.javac.code.Type$ClassType.allparams()Lcom/sun/tools/javac/util/List; @ 16
Event: 25.006 Thread 0x0000000017b8f000 Uncommon trap: reason=class_check action=maybe_recompile pc=0x000000000390d28c method=com.sun.tools.javac.code.Type$ClassType.allparams()Lcom/sun/tools/javac/util/List; @ 16

Internal exceptions (10 events):
Event: 21.891 Thread 0x0000000017b8f000 Exception <a 'java/security/PrivilegedActionException'> (0x00000000f08c8850) thrown at [D:\re\workspace\8-2-build-windows-amd64-cygwin\jdk8u20\1074\hotspot\src\share\vm\prims\jvm.cpp, line 1275]
Event: 21.891 Thread 0x0000000017b8f000 Exception <a 'java/security/PrivilegedActionException'> (0x00000000f08c9690) thrown at [D:\re\workspace\8-2-build-windows-amd64-cygwin\jdk8u20\1074\hotspot\src\share\vm\prims\jvm.cpp, line 1275]
Event: 21.910 Thread 0x0000000017b8f000 Exception <a 'java/security/PrivilegedActionException'> (0x00000000f096a268) thrown at [D:\re\workspace\8-2-build-windows-amd64-cygwin\jdk8u20\1074\hotspot\src\share\vm\prims\jvm.cpp, line 1275]
Event: 21.910 Thread 0x0000000017b8f000 Exception <a 'java/security/PrivilegedActionException'> (0x00000000f096b090) thrown at [D:\re\workspace\8-2-build-windows-amd64-cygwin\jdk8u20\1074\hotspot\src\share\vm\prims\jvm.cpp, line 1275]
Event: 21.911 Thread 0x0000000017b8f000 Exception <a 'java/security/PrivilegedActionException'> (0x00000000f096f0e8) thrown at [D:\re\workspace\8-2-build-windows-amd64-cygwin\jdk8u20\1074\hotspot\src\share\vm\prims\jvm.cpp, line 1275]
Event: 21.911 Thread 0x0000000017b8f000 Exception <a 'java/security/PrivilegedActionException'> (0x00000000f096ffd8) thrown at [D:\re\workspace\8-2-build-windows-amd64-cygwin\jdk8u20\1074\hotspot\src\share\vm\prims\jvm.cpp, line 1275]
Event: 21.911 Thread 0x0000000017b8f000 Exception <a 'java/security/PrivilegedActionException'> (0x00000000f09767a0) thrown at [D:\re\workspace\8-2-build-windows-amd64-cygwin\jdk8u20\1074\hotspot\src\share\vm\prims\jvm.cpp, line 1275]
Event: 21.914 Thread 0x0000000017b8f000 Exception <a 'java/lang/ClassNotFoundException': com/sun/tools/javac/api/JavacTool> (0x00000000f098ada0) thrown at [D:\re\workspace\8-2-build-windows-amd64-cygwin\jdk8u20\1074\hotspot\src\share\vm\classfile\systemDictionary.cpp, line 202]
Event: 22.040 Thread 0x0000000017b8f000 Exception <a 'java/security/PrivilegedActionException'> (0x00000000f0ab6710) thrown at [D:\re\workspace\8-2-build-windows-amd64-cygwin\jdk8u20\1074\hotspot\src\share\vm\prims\jvm.cpp, line 1275]
Event: 22.040 Thread 0x0000000017b8f000 Exception <a 'java/security/PrivilegedActionException'> (0x00000000f0ab7d98) thrown at [D:\re\workspace\8-2-build-windows-amd64-cygwin\jdk8u20\1074\hotspot\src\share\vm\prims\jvm.cpp, line 1275]

Events (10 events):
Event: 25.154 Thread 0x000000001500a000 flushing nmethod 0x0000000002dbfbd0
Event: 25.154 Thread 0x000000001500a000 flushing nmethod 0x0000000002defc50
Event: 25.154 Thread 0x000000001500a000 flushing nmethod 0x0000000002df1090
Event: 25.154 Thread 0x000000001500a000 flushing nmethod 0x0000000002df1a10
Event: 25.169 Thread 0x000000001500a000 flushing nmethod 0x0000000003304210
Event: 25.170 Thread 0x000000001500a000 flushing nmethod 0x000000000330d690
Event: 25.180 loading class com/sun/tools/javac/comp/Lower$FreeVarCollector
Event: 25.180 loading class com/sun/tools/javac/comp/Lower$FreeVarCollector done
Event: 25.181 loading class com/sun/tools/javac/comp/Lower$BasicFreeVarCollector
Event: 25.181 loading class com/sun/tools/javac/comp/Lower$BasicFreeVarCollector done


Dynamic libraries:
0x00007ff7cd4d0000 - 0x00007ff7cd504000 	C:\Program Files\Java\jdk1.8.0_20\bin\java.exe
0x00007ff9d42b0000 - 0x00007ff9d445c000 	C:\WINDOWS\SYSTEM32\ntdll.dll
0x00007ff9d2fb0000 - 0x00007ff9d30ee000 	C:\WINDOWS\system32\KERNEL32.DLL
0x00007ff9d1760000 - 0x00007ff9d1875000 	C:\WINDOWS\system32\KERNELBASE.dll
0x00007ff9cfbf0000 - 0x00007ff9cfc7e000 	C:\WINDOWS\system32\apphelp.dll
0x00007ff9c1bc0000 - 0x00007ff9c1c13000 	C:\WINDOWS\AppPatch\AppPatch64\AcGenral.DLL
0x00007ff9d3ee0000 - 0x00007ff9d3f8a000 	C:\WINDOWS\system32\msvcrt.dll
0x00007ff9d12a0000 - 0x00007ff9d12ce000 	C:\WINDOWS\SYSTEM32\SspiCli.dll
0x00007ff9d34f0000 - 0x00007ff9d3544000 	C:\WINDOWS\system32\SHLWAPI.dll
0x00007ff9d3310000 - 0x00007ff9d3487000 	C:\WINDOWS\system32\USER32.dll
0x00007ff9d3100000 - 0x00007ff9d3294000 	C:\WINDOWS\system32\ole32.dll
0x00007ff9d1a10000 - 0x00007ff9d2f28000 	C:\WINDOWS\system32\SHELL32.dll
0x00007ff9d0a20000 - 0x00007ff9d0a41000 	C:\WINDOWS\SYSTEM32\USERENV.dll
0x00007ff9d3550000 - 0x00007ff9d35fa000 	C:\WINDOWS\system32\ADVAPI32.dll
0x00007ff9c58f0000 - 0x00007ff9c590e000 	C:\WINDOWS\SYSTEM32\MPR.dll
0x00007ff9d3d90000 - 0x00007ff9d3ed1000 	C:\WINDOWS\system32\RPCRT4.dll
0x00007ff9d3490000 - 0x00007ff9d34e9000 	C:\WINDOWS\SYSTEM32\sechost.dll
0x00007ff9d39e0000 - 0x00007ff9d3bf1000 	C:\WINDOWS\SYSTEM32\combase.dll
0x00007ff9d3f90000 - 0x00007ff9d40e1000 	C:\WINDOWS\system32\GDI32.dll
0x00007ff9d1400000 - 0x00007ff9d1415000 	C:\WINDOWS\SYSTEM32\profapi.dll
0x00007ff9cf490000 - 0x00007ff9cf542000 	C:\WINDOWS\SYSTEM32\SHCORE.dll
0x00007ff9d3600000 - 0x00007ff9d3636000 	C:\WINDOWS\system32\IMM32.DLL
0x00007ff9d36a0000 - 0x00007ff9d37f2000 	C:\WINDOWS\system32\MSCTF.dll
0x00007ff9cec10000 - 0x00007ff9cee8b000 	C:\WINDOWS\WinSxS\amd64_microsoft.windows.common-controls_6595b64144ccf1df_6.0.9600.17415_none_6240486fecbd8abb\COMCTL32.dll
0x0000000062eb0000 - 0x0000000062f82000 	C:\Program Files\Java\jdk1.8.0_20\jre\bin\msvcr100.dll
0x0000000062650000 - 0x0000000062ea8000 	C:\Program Files\Java\jdk1.8.0_20\jre\bin\server\jvm.dll
0x00007ff9c7ab0000 - 0x00007ff9c7ab9000 	C:\WINDOWS\SYSTEM32\WSOCK32.dll
0x00007ff9cc410000 - 0x00007ff9cc432000 	C:\WINDOWS\SYSTEM32\WINMM.dll
0x00007ff9d2f30000 - 0x00007ff9d2f37000 	C:\WINDOWS\system32\PSAPI.DLL
0x00007ff9d2f40000 - 0x00007ff9d2f9a000 	C:\WINDOWS\system32\WS2_32.dll
0x00007ff9cc3e0000 - 0x00007ff9cc40a000 	C:\WINDOWS\SYSTEM32\WINMMBASE.dll
0x00007ff9d2fa0000 - 0x00007ff9d2fa9000 	C:\WINDOWS\system32\NSI.dll
0x00007ff9d14d0000 - 0x00007ff9d151f000 	C:\WINDOWS\SYSTEM32\cfgmgr32.dll
0x00007ff9d01f0000 - 0x00007ff9d0218000 	C:\WINDOWS\SYSTEM32\DEVOBJ.dll
0x0000000062640000 - 0x000000006264f000 	C:\Program Files\Java\jdk1.8.0_20\jre\bin\verify.dll
0x0000000062610000 - 0x0000000062638000 	C:\Program Files\Java\jdk1.8.0_20\jre\bin\java.dll
0x00000000625f0000 - 0x0000000062606000 	C:\Program Files\Java\jdk1.8.0_20\jre\bin\zip.dll
0x00007ff9d0d40000 - 0x00007ff9d0d60000 	C:\WINDOWS\SYSTEM32\CRYPTSP.dll
0x00007ff9d0910000 - 0x00007ff9d0946000 	C:\WINDOWS\system32\rsaenh.dll
0x00007ff9d0f90000 - 0x00007ff9d0fb6000 	C:\WINDOWS\SYSTEM32\bcrypt.dll
0x00007ff9d12d0000 - 0x00007ff9d1333000 	C:\WINDOWS\system32\bcryptprimitives.dll
0x00007ff9d1340000 - 0x00007ff9d134b000 	C:\WINDOWS\SYSTEM32\CRYPTBASE.dll
0x00000000625d0000 - 0x00000000625ea000 	C:\Program Files\Java\jdk1.8.0_20\jre\bin\net.dll
0x00007ff9d0ce0000 - 0x00007ff9d0d39000 	C:\WINDOWS\system32\mswsock.dll
0x00007ff9cba60000 - 0x00007ff9cba8a000 	C:\WINDOWS\SYSTEM32\IPHLPAPI.DLL
0x00007ff9cba40000 - 0x00007ff9cba4a000 	C:\WINDOWS\SYSTEM32\WINNSI.DLL
0x00007ff9cad60000 - 0x00007ff9cad76000 	C:\WINDOWS\SYSTEM32\dhcpcsvc6.DLL
0x00007ff9cb2f0000 - 0x00007ff9cb30a000 	C:\WINDOWS\SYSTEM32\dhcpcsvc.DLL
0x00000000625b0000 - 0x00000000625c1000 	C:\Program Files\Java\jdk1.8.0_20\jre\bin\nio.dll
0x00007ff9c3c30000 - 0x00007ff9c3c42000 	C:\Users\cris\AppData\Local\Temp\native-platform2443261314129824163dir\native-platform.dll
0x00007ff9c1e90000 - 0x00007ff9c201a000 	C:\WINDOWS\SYSTEM32\dbghelp.dll

VM Arguments:
jvm_args: -XX:MaxPermSize=256m -XX:+HeapDumpOnOutOfMemoryError -Xmx1024m -Dfile.encoding=windows-1252 -Duser.country=US -Duser.language=en -Duser.variant 
java_command: org.gradle.launcher.daemon.bootstrap.GradleDaemon 2.2.1 C:\Users\cris\.gradle\daemon 10800000 63c89f30-f384-48e3-a603-489e5b9eda93 -XX:MaxPermSize=256m -XX:+HeapDumpOnOutOfMemoryError -Xmx1024m -Dfile.encoding=windows-1252 -Duser.country=US -Duser.language=en -Duser.variant
java_class_path (initial): C:\Users\cris\.gradle\wrapper\dists\gradle-2.2.1-all\2m8005s69iu8v0oiejfej094b\gradle-2.2.1\lib\gradle-launcher-2.2.1.jar
Launcher Type: SUN_STANDARD

Environment Variables:
JAVA_HOME=C:\Program Files\Java\jdk1.8.0_20
CLASSPATH=C:\Proyectos\doorphone\platforms\android\\gradle\wrapper\gradle-wrapper.jar
PATH=C:\Python27\;C:\ProgramData\Oracle\Java\javapath;C:\Program Files (x86)\Intel\iCLS Client\;C:\Program Files\Intel\iCLS Client\;C:\WINDOWS\system32;C:\WINDOWS;C:\WINDOWS\System32\Wbem;C:\WINDOWS\System32\WindowsPowerShell\v1.0\;C:\Program Files (x86)\Windows Live\Shared;C:\Program Files\Intel\Intel(R) Management Engine Components\DAL;C:\Program Files\Intel\Intel(R) Management Engine Components\IPT;C:\Program Files (x86)\Intel\Intel(R) Management Engine Components\DAL;C:\Program Files (x86)\Intel\Intel(R) Management Engine Components\IPT;C:\Program Files (x86)\Intel\OpenCL SDK\3.0\bin\x86;C:\Program Files (x86)\Intel\OpenCL SDK\3.0\bin\x64;C:\Program Files (x86)\Windows Kits\8.1\Windows Performance Toolkit\;C:\Program Files\Microsoft SQL Server\110\Tools\Binn\;C:\Program Files (x86)\Git\cmd;C:\Program Files\TortoiseSVN\bin;C:\Users\cris\Downloads\Develop\apache-ant-1.9.4\bin;C:\Users\cris\Downloads\Develop\SDK\tools;C:\Users\cris\Downloads\Develop\SDK\platform-tools;C:\Program Files\Java\jdk1.8.0_20\bin;C:\Program Files\Microsoft\Web Platform Installer\;C:\Program Files (x86)\JXcore;C:\Program Files (x86)\QuickTime\QTSystem\;C:\Users\cris\Downloads\Develop\apache-ant\bin;C:\Program Files\nodejs\;C:\Program Files (x86)\Microsoft SDKs\TypeScript\1.0\;C:\Program Files\Microsoft SQL Server\120\Tools\Binn\;c:\Program Files\Intel\WiFi\bin\;c:\Program Files\Common Files\Intel\WirelessCommon\;C:\Program Files (x86)\Skype\Phone\;C:\Ruby200-x64\bin;C:\Users\cris\AppData\Roaming\npm
USERNAME=cris
OS=Windows_NT
PROCESSOR_IDENTIFIER=Intel64 Family 6 Model 69 Stepping 1, GenuineIntel



---------------  S Y S T E M  ---------------

OS: Windows 8.1 , 64 bit Build 9600 

CPU:total 4 (2 cores per cpu, 2 threads per core) family 6 model 69 stepping 1, cmov, cx8, fxsr, mmx, sse, sse2, sse3, ssse3, sse4.1, sse4.2, popcnt, avx, avx2, aes, clmul, erms, lzcnt, ht, tsc, tscinvbit, bmi1, bmi2

Memory: 4k page, physical 4118808k(234400k free), swap 7264536k(5112k free)

vm_info: Java HotSpot(TM) 64-Bit Server VM (25.20-b23) for windows-amd64 JRE (1.8.0_20-b26), built on Jul 30 2014 13:51:23 by "java_re" with MS VC++ 10.0 (VS2010)

time: Sat Apr 25 01:10:19 2015
elapsed time: 25 seconds (0d 0h 0m 25s)

